<?xml version="1.0" encoding="UTF-8"?>
<!-- Generated by org.testng.reporters.JUnitReportReporter -->
<testsuite hostname="DESKTOP-UGQFGG1" name="TEST.TESTFramework" tests="1" failures="0" timestamp="7 Jun 2020 13:23:18 GMT" time="5.961" errors="0">
  <testcase name="submit" time="5.961" classname="TEST.TESTFramework"/>
</testsuite> <!-- TEST.TESTFramework -->
